# JRE version: Java(TM) SE Runtime Environment (8.0_171-b11) (build 1.8.0_171-b11)
# Java VM: Java HotSpot(TM) Client VM (25.171-b11 mixed mode, sharing windows-x86 )
Heap:
 def new generation   total 12800K, used 8937K [0x04a00000, 0x057e0000, 0x09f50000)
  eden space 11392K,  78% used [0x04a00000, 0x052ba408, 0x05520000)
  from space 1408K,   0% used [0x05680000, 0x056803d0, 0x057e0000)
  to   space 1408K,   0% used [0x05520000, 0x05520000, 0x05680000)
 tenured generation   total 28332K, used 24611K [0x09f50000, 0x0bafb000, 0x14a00000)
   the space 28332K,  86% used [0x09f50000, 0x0b758da8, 0x0b758e00, 0x0bafb000)
 Metaspace       used 4580K, capacity 4804K, committed 4864K, reserved 5504K
GC Heap History (10 events):
Event: 1040.098 GC heap before
{Heap before GC invocations=3323 (full 2):
 def new generation   total 12800K, used 11392K [0x04a00000, 0x057e0000, 0x09f50000)
  eden space 11392K, 100% used [0x04a00000, 0x05520000, 0x05520000)
  from space 1408K,   0% used [0x05520000, 0x05520388, 0x05680000)
  to   space 1408K,   0% used [0x05680000, 0x05680000, 0x057e0000)
 tenured generation   total 28332K, used 24611K [0x09f50000, 0x0bafb000, 0x14a00000)
   the space 28332K,  86% used [0x09f50000, 0x0b758da8, 0x0b758e00, 0x0bafb000)
 Metaspace       used 4580K, capacity 4804K, committed 4864K, reserved 5504K
Event: 1040.099 GC heap after
Heap after GC invocations=3324 (full 2):
 def new generation   total 12800K, used 0K [0x04a00000, 0x057e0000, 0x09f50000)
  eden space 11392K,   0% used [0x04a00000, 0x04a00000, 0x05520000)
  from space 1408K,   0% used [0x05680000, 0x056803f0, 0x057e0000)
  to   space 1408K,   0% used [0x05520000, 0x05520000, 0x05680000)
 tenured generation   total 28332K, used 24611K [0x09f50000, 0x0bafb000, 0x14a00000)
   the space 28332K,  86% used [0x09f50000, 0x0b758da8, 0x0b758e00, 0x0bafb000)
 Metaspace       used 4580K, capacity 4804K, committed 4864K, reserved 5504K
}
Event: 1040.491 GC heap before
{Heap before GC invocations=3324 (full 2):
 def new generation   total 12800K, used 11392K [0x04a00000, 0x057e0000, 0x09f50000)
  eden space 11392K, 100% used [0x04a00000, 0x05520000, 0x05520000)
  from space 1408K,   0% used [0x05680000, 0x056803f0, 0x057e0000)
  to   space 1408K,   0% used [0x05520000, 0x05520000, 0x05680000)
 tenured generation   total 28332K, used 24611K [0x09f50000, 0x0bafb000, 0x14a00000)
   the space 28332K,  86% used [0x09f50000, 0x0b758da8, 0x0b758e00, 0x0bafb000)
 Metaspace       used 4580K, capacity 4804K, committed 4864K, reserved 5504K
Event: 1040.492 GC heap after
Heap after GC invocations=3325 (full 2):
 def new generation   total 12800K, used 0K [0x04a00000, 0x057e0000, 0x09f50000)
  eden space 11392K,   0% used [0x04a00000, 0x04a00000, 0x05520000)
  from space 1408K,   0% used [0x05520000, 0x055203c0, 0x05680000)
  to   space 1408K,   0% used [0x05680000, 0x05680000, 0x057e0000)
 tenured generation   total 28332K, used 24611K [0x09f50000, 0x0bafb000, 0x14a00000)
   the space 28332K,  86% used [0x09f50000, 0x0b758da8, 0x0b758e00, 0x0bafb000)
 Metaspace       used 4580K, capacity 4804K, committed 4864K, reserved 5504K
}
Event: 1040.929 GC heap before
{Heap before GC invocations=3325 (full 2):
 def new generation   total 12800K, used 11392K [0x04a00000, 0x057e0000, 0x09f50000)
  eden space 11392K, 100% used [0x04a00000, 0x05520000, 0x05520000)
  from space 1408K,   0% used [0x05520000, 0x055203c0, 0x05680000)
  to   space 1408K,   0% used [0x05680000, 0x05680000, 0x057e0000)
 tenured generation   total 28332K, used 24611K [0x09f50000, 0x0bafb000, 0x14a00000)
   the space 28332K,  86% used [0x09f50000, 0x0b758da8, 0x0b758e00, 0x0bafb000)
 Metaspace       used 4580K, capacity 4804K, committed 4864K, reserved 5504K
Event: 1040.930 GC heap after
Heap after GC invocations=3326 (full 2):
 def new generation   total 12800K, used 0K [0x04a00000, 0x057e0000, 0x09f50000)
  eden space 11392K,   0% used [0x04a00000, 0x04a00000, 0x05520000)
  from space 1408K,   0% used [0x05680000, 0x05680398, 0x057e0000)
  to   space 1408K,   0% used [0x05520000, 0x05520000, 0x05680000)
 tenured generation   total 28332K, used 24611K [0x09f50000, 0x0bafb000, 0x14a00000)
   the space 28332K,  86% used [0x09f50000, 0x0b758da8, 0x0b758e00, 0x0bafb000)
 Metaspace       used 4580K, capacity 4804K, committed 4864K, reserved 5504K
}
Event: 1041.350 GC heap before
{Heap before GC invocations=3326 (full 2):
 def new generation   total 12800K, used 11392K [0x04a00000, 0x057e0000, 0x09f50000)
  eden space 11392K, 100% used [0x04a00000, 0x05520000, 0x05520000)
  from space 1408K,   0% used [0x05680000, 0x05680398, 0x057e0000)
  to   space 1408K,   0% used [0x05520000, 0x05520000, 0x05680000)
 tenured generation   total 28332K, used 24611K [0x09f50000, 0x0bafb000, 0x14a00000)
   the space 28332K,  86% used [0x09f50000, 0x0b758da8, 0x0b758e00, 0x0bafb000)
 Metaspace       used 4580K, capacity 4804K, committed 4864K, reserved 5504K
Event: 1041.351 GC heap after
Heap after GC invocations=3327 (full 2):
 def new generation   total 12800K, used 0K [0x04a00000, 0x057e0000, 0x09f50000)
  eden space 11392K,   0% used [0x04a00000, 0x04a00000, 0x05520000)
  from space 1408K,   0% used [0x05520000, 0x05520398, 0x05680000)
  to   space 1408K,   0% used [0x05680000, 0x05680000, 0x057e0000)
 tenured generation   total 28332K, used 24611K [0x09f50000, 0x0bafb000, 0x14a00000)
   the space 28332K,  86% used [0x09f50000, 0x0b758da8, 0x0b758e00, 0x0bafb000)
 Metaspace       used 4580K, capacity 4804K, committed 4864K, reserved 5504K
}
Event: 1041.784 GC heap before
{Heap before GC invocations=3327 (full 2):
 def new generation   total 12800K, used 11392K [0x04a00000, 0x057e0000, 0x09f50000)
  eden space 11392K, 100% used [0x04a00000, 0x05520000, 0x05520000)
  from space 1408K,   0% used [0x05520000, 0x05520398, 0x05680000)
  to   space 1408K,   0% used [0x05680000, 0x05680000, 0x057e0000)
 tenured generation   total 28332K, used 24611K [0x09f50000, 0x0bafb000, 0x14a00000)
   the space 28332K,  86% used [0x09f50000, 0x0b758da8, 0x0b758e00, 0x0bafb000)
 Metaspace       used 4580K, capacity 4804K, committed 4864K, reserved 5504K
Event: 1041.785 GC heap after
Heap after GC invocations=3328 (full 2):
 def new generation   total 12800K, used 2K [0x04a00000, 0x057e0000, 0x09f50000)
  eden space 11392K,   0% used [0x04a00000, 0x04a00000, 0x05520000)
  from space 1408K,   0% used [0x05680000, 0x05680ba8, 0x057e0000)
  to   space 1408K,   0% used [0x05520000, 0x05520000, 0x05680000)
 tenured generation   total 28332K, used 24611K [0x09f50000, 0x0bafb000, 0x14a00000)
   the space 28332K,  86% used [0x09f50000, 0x0b758da8, 0x0b758e00, 0x0bafb000)
 Metaspace       used 4580K, capacity 4804K, committed 4864K, reserved 5504K
}

